2023-03-18 16:41:23,469 INFO org.springframework.boot.StartupInfoLogger [main] Starting PFEApplication using Java 19.0.1 on DESKTOP-JKKEFG3 with PID 19312 (C:\Users\user\Downloads\TP_Maven\target\classes started by user in C:\Users\user\Downloads\TP_Maven)
2023-03-18 16:41:23,486 INFO org.springframework.boot.SpringApplication [main] The following profiles are active: dev
2023-03-18 16:41:26,115 INFO org.springframework.data.repository.config.RepositoryConfigurationDelegate [main] Bootstrapping Spring Data JPA repositories in DEFAULT mode.
2023-03-18 16:41:26,270 INFO org.springframework.data.repository.config.RepositoryConfigurationDelegate [main] Finished Spring Data repository scanning in 132 ms. Found 1 JPA repository interfaces.
2023-03-18 16:41:28,273 INFO org.springframework.boot.web.embedded.tomcat.TomcatWebServer [main] Tomcat initialized with port(s): 8083 (http)
2023-03-18 16:41:28,310 INFO org.apache.juli.logging.DirectJDKLog [main] Initializing ProtocolHandler ["http-nio-8083"]
2023-03-18 16:41:28,312 INFO org.apache.juli.logging.DirectJDKLog [main] Starting service [Tomcat]
2023-03-18 16:41:28,313 INFO org.apache.juli.logging.DirectJDKLog [main] Starting Servlet engine: [Apache Tomcat/9.0.46]
2023-03-18 16:41:28,572 INFO org.apache.juli.logging.DirectJDKLog [main] Initializing Spring embedded WebApplicationContext
2023-03-18 16:41:28,573 INFO org.springframework.boot.web.servlet.context.ServletWebServerApplicationContext [main] Root WebApplicationContext: initialization completed in 4863 ms
2023-03-18 16:41:28,855 INFO com.zaxxer.hikari.HikariDataSource [main] HikariPool-1 - Starting...
2023-03-18 16:41:30,347 ERROR com.zaxxer.hikari.pool.HikariPool [main] HikariPool-1 - Exception during pool initialization.
com.mysql.jdbc.exceptions.jdbc4.MySQLSyntaxErrorException: Unknown database 'pfe'
	at java.base/jdk.internal.reflect.DirectConstructorHandleAccessor.newInstance(DirectConstructorHandleAccessor.java:67)
	at java.base/java.lang.reflect.Constructor.newInstanceWithCaller(Constructor.java:500)
	at java.base/java.lang.reflect.Constructor.newInstance(Constructor.java:484)
	at com.mysql.jdbc.Util.handleNewInstance(Util.java:406)
	at com.mysql.jdbc.Util.getInstance(Util.java:381)
	at com.mysql.jdbc.SQLError.createSQLException(SQLError.java:1030)
	at com.mysql.jdbc.SQLError.createSQLException(SQLError.java:956)
	at com.mysql.jdbc.MysqlIO.checkErrorPacket(MysqlIO.java:3491)
	at com.mysql.jdbc.MysqlIO.checkErrorPacket(MysqlIO.java:3423)
	at com.mysql.jdbc.MysqlIO.checkErrorPacket(MysqlIO.java:910)
	at com.mysql.jdbc.MysqlIO.secureAuth411(MysqlIO.java:3923)
	at com.mysql.jdbc.MysqlIO.doHandshake(MysqlIO.java:1273)
	at com.mysql.jdbc.ConnectionImpl.createNewIO(ConnectionImpl.java:2031)
	at com.mysql.jdbc.ConnectionImpl.<init>(ConnectionImpl.java:718)
	at com.mysql.jdbc.JDBC4Connection.<init>(JDBC4Connection.java:46)
	at java.base/jdk.internal.reflect.DirectConstructorHandleAccessor.newInstance(DirectConstructorHandleAccessor.java:67)
	at java.base/java.lang.reflect.Constructor.newInstanceWithCaller(Constructor.java:500)
	at java.base/java.lang.reflect.Constructor.newInstance(Constructor.java:484)
	at com.mysql.jdbc.Util.handleNewInstance(Util.java:406)
	at com.mysql.jdbc.ConnectionImpl.getInstance(ConnectionImpl.java:302)
	at com.mysql.jdbc.NonRegisteringDriver.connect(NonRegisteringDriver.java:282)
	at com.zaxxer.hikari.util.DriverDataSource.getConnection(DriverDataSource.java:138)
	at com.zaxxer.hikari.pool.PoolBase.newConnection(PoolBase.java:364)
	at com.zaxxer.hikari.pool.PoolBase.newPoolEntry(PoolBase.java:206)
	at com.zaxxer.hikari.pool.HikariPool.createPoolEntry(HikariPool.java:476)
	at com.zaxxer.hikari.pool.HikariPool.checkFailFast(HikariPool.java:561)
	at com.zaxxer.hikari.pool.HikariPool.<init>(HikariPool.java:115)
	at com.zaxxer.hikari.HikariDataSource.getConnection(HikariDataSource.java:112)
	at org.springframework.jdbc.datasource.DataSourceUtils.fetchConnection(DataSourceUtils.java:158)
	at org.springframework.jdbc.datasource.DataSourceUtils.doGetConnection(DataSourceUtils.java:116)
	at org.springframework.jdbc.datasource.DataSourceUtils.getConnection(DataSourceUtils.java:79)
	at org.springframework.jdbc.core.JdbcTemplate.execute(JdbcTemplate.java:330)
	at org.springframework.boot.jdbc.EmbeddedDatabaseConnection.isEmbedded(EmbeddedDatabaseConnection.java:184)
	at org.springframework.boot.jdbc.init.DataSourceScriptDatabaseInitializer.isEmbeddedDatabase(DataSourceScriptDatabaseInitializer.java:64)
	at org.springframework.boot.sql.init.AbstractScriptDatabaseInitializer.isEnabled(AbstractScriptDatabaseInitializer.java:87)
	at org.springframework.boot.sql.init.AbstractScriptDatabaseInitializer.initializeDatabase(AbstractScriptDatabaseInitializer.java:74)
	at org.springframework.boot.sql.init.AbstractScriptDatabaseInitializer.afterPropertiesSet(AbstractScriptDatabaseInitializer.java:65)
	at org.springframework.beans.factory.support.AbstractAutowireCapableBeanFactory.invokeInitMethods(AbstractAutowireCapableBeanFactory.java:1845)
	at org.springframework.beans.factory.support.AbstractAutowireCapableBeanFactory.initializeBean(AbstractAutowireCapableBeanFactory.java:1782)
	at org.springframework.beans.factory.support.AbstractAutowireCapableBeanFactory.doCreateBean(AbstractAutowireCapableBeanFactory.java:602)
	at org.springframework.beans.factory.support.AbstractAutowireCapableBeanFactory.createBean(AbstractAutowireCapableBeanFactory.java:524)
	at org.springframework.beans.factory.support.AbstractBeanFactory.lambda$doGetBean$0(AbstractBeanFactory.java:335)
	at org.springframework.beans.factory.support.DefaultSingletonBeanRegistry.getSingleton(DefaultSingletonBeanRegistry.java:234)
	at org.springframework.beans.factory.support.AbstractBeanFactory.doGetBean(AbstractBeanFactory.java:333)
	at org.springframework.beans.factory.support.AbstractBeanFactory.getBean(AbstractBeanFactory.java:208)
	at org.springframework.beans.factory.support.AbstractBeanFactory.doGetBean(AbstractBeanFactory.java:322)
	at org.springframework.beans.factory.support.AbstractBeanFactory.getBean(AbstractBeanFactory.java:208)
	at org.springframework.context.support.AbstractApplicationContext.getBean(AbstractApplicationContext.java:1154)
	at org.springframework.context.support.AbstractApplicationContext.finishBeanFactoryInitialization(AbstractApplicationContext.java:908)
	at org.springframework.context.support.AbstractApplicationContext.refresh(AbstractApplicationContext.java:583)
	at org.springframework.boot.web.servlet.context.ServletWebServerApplicationContext.refresh(ServletWebServerApplicationContext.java:145)
	at org.springframework.boot.SpringApplication.refresh(SpringApplication.java:754)
	at org.springframework.boot.SpringApplication.refreshContext(SpringApplication.java:434)
	at org.springframework.boot.SpringApplication.run(SpringApplication.java:338)
	at ma.pfe.PFEApplication.main(PFEApplication.java:22)
2023-03-18 16:41:31,352 INFO com.zaxxer.hikari.HikariDataSource [main] HikariPool-1 - Starting...
2023-03-18 16:41:32,373 ERROR com.zaxxer.hikari.pool.HikariPool [main] HikariPool-1 - Exception during pool initialization.
com.mysql.jdbc.exceptions.jdbc4.MySQLSyntaxErrorException: Unknown database 'pfe'
	at java.base/jdk.internal.reflect.DirectConstructorHandleAccessor.newInstance(DirectConstructorHandleAccessor.java:67)
	at java.base/java.lang.reflect.Constructor.newInstanceWithCaller(Constructor.java:500)
	at java.base/java.lang.reflect.Constructor.newInstance(Constructor.java:484)
	at com.mysql.jdbc.Util.handleNewInstance(Util.java:406)
	at com.mysql.jdbc.Util.getInstance(Util.java:381)
	at com.mysql.jdbc.SQLError.createSQLException(SQLError.java:1030)
	at com.mysql.jdbc.SQLError.createSQLException(SQLError.java:956)
	at com.mysql.jdbc.MysqlIO.checkErrorPacket(MysqlIO.java:3491)
	at com.mysql.jdbc.MysqlIO.checkErrorPacket(MysqlIO.java:3423)
	at com.mysql.jdbc.MysqlIO.checkErrorPacket(MysqlIO.java:910)
	at com.mysql.jdbc.MysqlIO.secureAuth411(MysqlIO.java:3923)
	at com.mysql.jdbc.MysqlIO.doHandshake(MysqlIO.java:1273)
	at com.mysql.jdbc.ConnectionImpl.createNewIO(ConnectionImpl.java:2031)
	at com.mysql.jdbc.ConnectionImpl.<init>(ConnectionImpl.java:718)
	at com.mysql.jdbc.JDBC4Connection.<init>(JDBC4Connection.java:46)
	at java.base/jdk.internal.reflect.DirectConstructorHandleAccessor.newInstance(DirectConstructorHandleAccessor.java:67)
	at java.base/java.lang.reflect.Constructor.newInstanceWithCaller(Constructor.java:500)
	at java.base/java.lang.reflect.Constructor.newInstance(Constructor.java:484)
	at com.mysql.jdbc.Util.handleNewInstance(Util.java:406)
	at com.mysql.jdbc.ConnectionImpl.getInstance(ConnectionImpl.java:302)
	at com.mysql.jdbc.NonRegisteringDriver.connect(NonRegisteringDriver.java:282)
	at com.zaxxer.hikari.util.DriverDataSource.getConnection(DriverDataSource.java:138)
	at com.zaxxer.hikari.pool.PoolBase.newConnection(PoolBase.java:364)
	at com.zaxxer.hikari.pool.PoolBase.newPoolEntry(PoolBase.java:206)
	at com.zaxxer.hikari.pool.HikariPool.createPoolEntry(HikariPool.java:476)
	at com.zaxxer.hikari.pool.HikariPool.checkFailFast(HikariPool.java:561)
	at com.zaxxer.hikari.pool.HikariPool.<init>(HikariPool.java:115)
	at com.zaxxer.hikari.HikariDataSource.getConnection(HikariDataSource.java:112)
	at org.hibernate.engine.jdbc.connections.internal.DatasourceConnectionProviderImpl.getConnection(DatasourceConnectionProviderImpl.java:122)
	at org.hibernate.engine.jdbc.env.internal.JdbcEnvironmentInitiator$ConnectionProviderJdbcConnectionAccess.obtainConnection(JdbcEnvironmentInitiator.java:180)
	at org.hibernate.engine.jdbc.env.internal.JdbcEnvironmentInitiator.initiateService(JdbcEnvironmentInitiator.java:68)
	at org.hibernate.engine.jdbc.env.internal.JdbcEnvironmentInitiator.initiateService(JdbcEnvironmentInitiator.java:35)
	at org.hibernate.boot.registry.internal.StandardServiceRegistryImpl.initiateService(StandardServiceRegistryImpl.java:101)
	at org.hibernate.service.internal.AbstractServiceRegistryImpl.createService(AbstractServiceRegistryImpl.java:263)
	at org.hibernate.service.internal.AbstractServiceRegistryImpl.initializeService(AbstractServiceRegistryImpl.java:237)
	at org.hibernate.service.internal.AbstractServiceRegistryImpl.getService(AbstractServiceRegistryImpl.java:214)
	at org.hibernate.id.factory.internal.DefaultIdentifierGeneratorFactory.injectServices(DefaultIdentifierGeneratorFactory.java:152)
	at org.hibernate.service.internal.AbstractServiceRegistryImpl.injectDependencies(AbstractServiceRegistryImpl.java:286)
	at org.hibernate.service.internal.AbstractServiceRegistryImpl.initializeService(AbstractServiceRegistryImpl.java:243)
	at org.hibernate.service.internal.AbstractServiceRegistryImpl.getService(AbstractServiceRegistryImpl.java:214)
	at org.hibernate.boot.internal.InFlightMetadataCollectorImpl.<init>(InFlightMetadataCollectorImpl.java:176)
	at org.hibernate.boot.model.process.spi.MetadataBuildingProcess.complete(MetadataBuildingProcess.java:127)
	at org.hibernate.jpa.boot.internal.EntityManagerFactoryBuilderImpl.metadata(EntityManagerFactoryBuilderImpl.java:1224)
	at org.hibernate.jpa.boot.internal.EntityManagerFactoryBuilderImpl.build(EntityManagerFactoryBuilderImpl.java:1255)
	at org.springframework.orm.jpa.vendor.SpringHibernateJpaPersistenceProvider.createContainerEntityManagerFactory(SpringHibernateJpaPersistenceProvider.java:58)
	at org.springframework.orm.jpa.LocalContainerEntityManagerFactoryBean.createNativeEntityManagerFactory(LocalContainerEntityManagerFactoryBean.java:365)
	at org.springframework.orm.jpa.AbstractEntityManagerFactoryBean.buildNativeEntityManagerFactory(AbstractEntityManagerFactoryBean.java:409)
	at org.springframework.orm.jpa.AbstractEntityManagerFactoryBean.afterPropertiesSet(AbstractEntityManagerFactoryBean.java:396)
	at org.springframework.orm.jpa.LocalContainerEntityManagerFactoryBean.afterPropertiesSet(LocalContainerEntityManagerFactoryBean.java:341)
	at org.springframework.beans.factory.support.AbstractAutowireCapableBeanFactory.invokeInitMethods(AbstractAutowireCapableBeanFactory.java:1845)
	at org.springframework.beans.factory.support.AbstractAutowireCapableBeanFactory.initializeBean(AbstractAutowireCapableBeanFactory.java:1782)
	at org.springframework.beans.factory.support.AbstractAutowireCapableBeanFactory.doCreateBean(AbstractAutowireCapableBeanFactory.java:602)
	at org.springframework.beans.factory.support.AbstractAutowireCapableBeanFactory.createBean(AbstractAutowireCapableBeanFactory.java:524)
	at org.springframework.beans.factory.support.AbstractBeanFactory.lambda$doGetBean$0(AbstractBeanFactory.java:335)
	at org.springframework.beans.factory.support.DefaultSingletonBeanRegistry.getSingleton(DefaultSingletonBeanRegistry.java:234)
	at org.springframework.beans.factory.support.AbstractBeanFactory.doGetBean(AbstractBeanFactory.java:333)
	at org.springframework.beans.factory.support.AbstractBeanFactory.getBean(AbstractBeanFactory.java:208)
	at org.springframework.context.support.AbstractApplicationContext.getBean(AbstractApplicationContext.java:1154)
	at org.springframework.context.support.AbstractApplicationContext.finishBeanFactoryInitialization(AbstractApplicationContext.java:908)
	at org.springframework.context.support.AbstractApplicationContext.refresh(AbstractApplicationContext.java:583)
	at org.springframework.boot.web.servlet.context.ServletWebServerApplicationContext.refresh(ServletWebServerApplicationContext.java:145)
	at org.springframework.boot.SpringApplication.refresh(SpringApplication.java:754)
	at org.springframework.boot.SpringApplication.refreshContext(SpringApplication.java:434)
	at org.springframework.boot.SpringApplication.run(SpringApplication.java:338)
	at ma.pfe.PFEApplication.main(PFEApplication.java:22)
2023-03-18 16:41:32,722 ERROR org.springframework.orm.jpa.AbstractEntityManagerFactoryBean [main] Failed to initialize JPA EntityManagerFactory: No identifier specified for entity: ma.pfe.entities.StudentEntity
2023-03-18 16:41:32,725 WARN org.springframework.context.support.AbstractApplicationContext [main] Exception encountered during context initialization - cancelling refresh attempt: org.springframework.beans.factory.BeanCreationException: Error creating bean with name 'entityManagerFactory' defined in class path resource [org/springframework/boot/autoconfigure/orm/jpa/HibernateJpaConfiguration.class]: Invocation of init method failed; nested exception is org.hibernate.AnnotationException: No identifier specified for entity: ma.pfe.entities.StudentEntity
2023-03-18 16:41:32,733 INFO org.apache.juli.logging.DirectJDKLog [main] Stopping service [Tomcat]
2023-03-18 16:41:32,754 INFO org.springframework.boot.autoconfigure.logging.ConditionEvaluationReportLoggingListener [main] 

Error starting ApplicationContext. To display the conditions report re-run your application with 'debug' enabled.
2023-03-18 16:41:32,782 ERROR org.springframework.boot.SpringApplication [main] Application run failed
org.springframework.beans.factory.BeanCreationException: Error creating bean with name 'entityManagerFactory' defined in class path resource [org/springframework/boot/autoconfigure/orm/jpa/HibernateJpaConfiguration.class]: Invocation of init method failed; nested exception is org.hibernate.AnnotationException: No identifier specified for entity: ma.pfe.entities.StudentEntity
	at org.springframework.beans.factory.support.AbstractAutowireCapableBeanFactory.initializeBean(AbstractAutowireCapableBeanFactory.java:1786)
	at org.springframework.beans.factory.support.AbstractAutowireCapableBeanFactory.doCreateBean(AbstractAutowireCapableBeanFactory.java:602)
	at org.springframework.beans.factory.support.AbstractAutowireCapableBeanFactory.createBean(AbstractAutowireCapableBeanFactory.java:524)
	at org.springframework.beans.factory.support.AbstractBeanFactory.lambda$doGetBean$0(AbstractBeanFactory.java:335)
	at org.springframework.beans.factory.support.DefaultSingletonBeanRegistry.getSingleton(DefaultSingletonBeanRegistry.java:234)
	at org.springframework.beans.factory.support.AbstractBeanFactory.doGetBean(AbstractBeanFactory.java:333)
	at org.springframework.beans.factory.support.AbstractBeanFactory.getBean(AbstractBeanFactory.java:208)
	at org.springframework.context.support.AbstractApplicationContext.getBean(AbstractApplicationContext.java:1154)
	at org.springframework.context.support.AbstractApplicationContext.finishBeanFactoryInitialization(AbstractApplicationContext.java:908)
	at org.springframework.context.support.AbstractApplicationContext.refresh(AbstractApplicationContext.java:583)
	at org.springframework.boot.web.servlet.context.ServletWebServerApplicationContext.refresh(ServletWebServerApplicationContext.java:145)
	at org.springframework.boot.SpringApplication.refresh(SpringApplication.java:754)
	at org.springframework.boot.SpringApplication.refreshContext(SpringApplication.java:434)
	at org.springframework.boot.SpringApplication.run(SpringApplication.java:338)
	at ma.pfe.PFEApplication.main(PFEApplication.java:22)
Caused by: org.hibernate.AnnotationException: No identifier specified for entity: ma.pfe.entities.StudentEntity
	at org.hibernate.cfg.InheritanceState.determineDefaultAccessType(InheritanceState.java:266)
	at org.hibernate.cfg.InheritanceState.getElementsToProcess(InheritanceState.java:211)
	at org.hibernate.cfg.AnnotationBinder.bindClass(AnnotationBinder.java:785)
	at org.hibernate.boot.model.source.internal.annotations.AnnotationMetadataSourceProcessorImpl.processEntityHierarchies(AnnotationMetadataSourceProcessorImpl.java:248)
	at org.hibernate.boot.model.process.spi.MetadataBuildingProcess$1.processEntityHierarchies(MetadataBuildingProcess.java:239)
	at org.hibernate.boot.model.process.spi.MetadataBuildingProcess.complete(MetadataBuildingProcess.java:282)
	at org.hibernate.jpa.boot.internal.EntityManagerFactoryBuilderImpl.metadata(EntityManagerFactoryBuilderImpl.java:1224)
	at org.hibernate.jpa.boot.internal.EntityManagerFactoryBuilderImpl.build(EntityManagerFactoryBuilderImpl.java:1255)
	at org.springframework.orm.jpa.vendor.SpringHibernateJpaPersistenceProvider.createContainerEntityManagerFactory(SpringHibernateJpaPersistenceProvider.java:58)
	at org.springframework.orm.jpa.LocalContainerEntityManagerFactoryBean.createNativeEntityManagerFactory(LocalContainerEntityManagerFactoryBean.java:365)
	at org.springframework.orm.jpa.AbstractEntityManagerFactoryBean.buildNativeEntityManagerFactory(AbstractEntityManagerFactoryBean.java:409)
	at org.springframework.orm.jpa.AbstractEntityManagerFactoryBean.afterPropertiesSet(AbstractEntityManagerFactoryBean.java:396)
	at org.springframework.orm.jpa.LocalContainerEntityManagerFactoryBean.afterPropertiesSet(LocalContainerEntityManagerFactoryBean.java:341)
	at org.springframework.beans.factory.support.AbstractAutowireCapableBeanFactory.invokeInitMethods(AbstractAutowireCapableBeanFactory.java:1845)
	at org.springframework.beans.factory.support.AbstractAutowireCapableBeanFactory.initializeBean(AbstractAutowireCapableBeanFactory.java:1782)
	... 14 common frames omitted
2023-03-18 16:47:23,861 INFO org.springframework.boot.StartupInfoLogger [main] Starting PFEApplication using Java 19.0.1 on DESKTOP-JKKEFG3 with PID 17228 (C:\Users\user\Downloads\TP_Maven\target\classes started by user in C:\Users\user\Downloads\TP_Maven)
2023-03-18 16:47:23,867 INFO org.springframework.boot.SpringApplication [main] The following profiles are active: dev
2023-03-18 16:47:26,461 INFO org.springframework.data.repository.config.RepositoryConfigurationDelegate [main] Bootstrapping Spring Data JPA repositories in DEFAULT mode.
2023-03-18 16:47:26,617 INFO org.springframework.data.repository.config.RepositoryConfigurationDelegate [main] Finished Spring Data repository scanning in 121 ms. Found 1 JPA repository interfaces.
2023-03-18 16:47:28,288 INFO org.springframework.boot.web.embedded.tomcat.TomcatWebServer [main] Tomcat initialized with port(s): 8083 (http)
2023-03-18 16:47:28,306 INFO org.apache.juli.logging.DirectJDKLog [main] Initializing ProtocolHandler ["http-nio-8083"]
2023-03-18 16:47:28,307 INFO org.apache.juli.logging.DirectJDKLog [main] Starting service [Tomcat]
2023-03-18 16:47:28,308 INFO org.apache.juli.logging.DirectJDKLog [main] Starting Servlet engine: [Apache Tomcat/9.0.46]
2023-03-18 16:47:28,544 INFO org.apache.juli.logging.DirectJDKLog [main] Initializing Spring embedded WebApplicationContext
2023-03-18 16:47:28,544 INFO org.springframework.boot.web.servlet.context.ServletWebServerApplicationContext [main] Root WebApplicationContext: initialization completed in 4466 ms
2023-03-18 16:47:28,774 INFO com.zaxxer.hikari.HikariDataSource [main] HikariPool-1 - Starting...
2023-03-18 16:47:29,172 INFO com.zaxxer.hikari.pool.PoolBase [main] HikariPool-1 - Driver does not support get/set network timeout for connections. (Receiver class com.mysql.jdbc.JDBC4Connection does not define or inherit an implementation of the resolved method 'abstract int getNetworkTimeout()' of interface java.sql.Connection.)
2023-03-18 16:47:29,180 INFO com.zaxxer.hikari.HikariDataSource [main] HikariPool-1 - Start completed.
2023-03-18 16:47:30,299 ERROR org.springframework.orm.jpa.AbstractEntityManagerFactoryBean [main] Failed to initialize JPA EntityManagerFactory: No identifier specified for entity: ma.pfe.entities.StudentEntity
2023-03-18 16:47:30,300 WARN org.springframework.context.support.AbstractApplicationContext [main] Exception encountered during context initialization - cancelling refresh attempt: org.springframework.beans.factory.BeanCreationException: Error creating bean with name 'entityManagerFactory' defined in class path resource [org/springframework/boot/autoconfigure/orm/jpa/HibernateJpaConfiguration.class]: Invocation of init method failed; nested exception is org.hibernate.AnnotationException: No identifier specified for entity: ma.pfe.entities.StudentEntity
2023-03-18 16:47:30,302 INFO com.zaxxer.hikari.HikariDataSource [main] HikariPool-1 - Shutdown initiated...
2023-03-18 16:47:30,310 INFO com.zaxxer.hikari.HikariDataSource [main] HikariPool-1 - Shutdown completed.
2023-03-18 16:47:30,316 INFO org.apache.juli.logging.DirectJDKLog [main] Stopping service [Tomcat]
2023-03-18 16:47:30,344 INFO org.springframework.boot.autoconfigure.logging.ConditionEvaluationReportLoggingListener [main] 

Error starting ApplicationContext. To display the conditions report re-run your application with 'debug' enabled.
2023-03-18 16:47:30,380 ERROR org.springframework.boot.SpringApplication [main] Application run failed
org.springframework.beans.factory.BeanCreationException: Error creating bean with name 'entityManagerFactory' defined in class path resource [org/springframework/boot/autoconfigure/orm/jpa/HibernateJpaConfiguration.class]: Invocation of init method failed; nested exception is org.hibernate.AnnotationException: No identifier specified for entity: ma.pfe.entities.StudentEntity
	at org.springframework.beans.factory.support.AbstractAutowireCapableBeanFactory.initializeBean(AbstractAutowireCapableBeanFactory.java:1786)
	at org.springframework.beans.factory.support.AbstractAutowireCapableBeanFactory.doCreateBean(AbstractAutowireCapableBeanFactory.java:602)
	at org.springframework.beans.factory.support.AbstractAutowireCapableBeanFactory.createBean(AbstractAutowireCapableBeanFactory.java:524)
	at org.springframework.beans.factory.support.AbstractBeanFactory.lambda$doGetBean$0(AbstractBeanFactory.java:335)
	at org.springframework.beans.factory.support.DefaultSingletonBeanRegistry.getSingleton(DefaultSingletonBeanRegistry.java:234)
	at org.springframework.beans.factory.support.AbstractBeanFactory.doGetBean(AbstractBeanFactory.java:333)
	at org.springframework.beans.factory.support.AbstractBeanFactory.getBean(AbstractBeanFactory.java:208)
	at org.springframework.context.support.AbstractApplicationContext.getBean(AbstractApplicationContext.java:1154)
	at org.springframework.context.support.AbstractApplicationContext.finishBeanFactoryInitialization(AbstractApplicationContext.java:908)
	at org.springframework.context.support.AbstractApplicationContext.refresh(AbstractApplicationContext.java:583)
	at org.springframework.boot.web.servlet.context.ServletWebServerApplicationContext.refresh(ServletWebServerApplicationContext.java:145)
	at org.springframework.boot.SpringApplication.refresh(SpringApplication.java:754)
	at org.springframework.boot.SpringApplication.refreshContext(SpringApplication.java:434)
	at org.springframework.boot.SpringApplication.run(SpringApplication.java:338)
	at ma.pfe.PFEApplication.main(PFEApplication.java:22)
Caused by: org.hibernate.AnnotationException: No identifier specified for entity: ma.pfe.entities.StudentEntity
	at org.hibernate.cfg.InheritanceState.determineDefaultAccessType(InheritanceState.java:266)
	at org.hibernate.cfg.InheritanceState.getElementsToProcess(InheritanceState.java:211)
	at org.hibernate.cfg.AnnotationBinder.bindClass(AnnotationBinder.java:785)
	at org.hibernate.boot.model.source.internal.annotations.AnnotationMetadataSourceProcessorImpl.processEntityHierarchies(AnnotationMetadataSourceProcessorImpl.java:248)
	at org.hibernate.boot.model.process.spi.MetadataBuildingProcess$1.processEntityHierarchies(MetadataBuildingProcess.java:239)
	at org.hibernate.boot.model.process.spi.MetadataBuildingProcess.complete(MetadataBuildingProcess.java:282)
	at org.hibernate.jpa.boot.internal.EntityManagerFactoryBuilderImpl.metadata(EntityManagerFactoryBuilderImpl.java:1224)
	at org.hibernate.jpa.boot.internal.EntityManagerFactoryBuilderImpl.build(EntityManagerFactoryBuilderImpl.java:1255)
	at org.springframework.orm.jpa.vendor.SpringHibernateJpaPersistenceProvider.createContainerEntityManagerFactory(SpringHibernateJpaPersistenceProvider.java:58)
	at org.springframework.orm.jpa.LocalContainerEntityManagerFactoryBean.createNativeEntityManagerFactory(LocalContainerEntityManagerFactoryBean.java:365)
	at org.springframework.orm.jpa.AbstractEntityManagerFactoryBean.buildNativeEntityManagerFactory(AbstractEntityManagerFactoryBean.java:409)
	at org.springframework.orm.jpa.AbstractEntityManagerFactoryBean.afterPropertiesSet(AbstractEntityManagerFactoryBean.java:396)
	at org.springframework.orm.jpa.LocalContainerEntityManagerFactoryBean.afterPropertiesSet(LocalContainerEntityManagerFactoryBean.java:341)
	at org.springframework.beans.factory.support.AbstractAutowireCapableBeanFactory.invokeInitMethods(AbstractAutowireCapableBeanFactory.java:1845)
	at org.springframework.beans.factory.support.AbstractAutowireCapableBeanFactory.initializeBean(AbstractAutowireCapableBeanFactory.java:1782)
	... 14 common frames omitted
2023-03-18 16:49:21,516 INFO org.springframework.boot.StartupInfoLogger [main] Starting PFEApplication using Java 19.0.1 on DESKTOP-JKKEFG3 with PID 14928 (C:\Users\user\Downloads\TP_Maven\target\classes started by user in C:\Users\user\Downloads\TP_Maven)
2023-03-18 16:49:21,523 INFO org.springframework.boot.SpringApplication [main] The following profiles are active: dev
2023-03-18 16:49:23,913 INFO org.springframework.data.repository.config.RepositoryConfigurationDelegate [main] Bootstrapping Spring Data JPA repositories in DEFAULT mode.
2023-03-18 16:49:24,053 INFO org.springframework.data.repository.config.RepositoryConfigurationDelegate [main] Finished Spring Data repository scanning in 117 ms. Found 1 JPA repository interfaces.
2023-03-18 16:49:26,034 INFO org.springframework.boot.web.embedded.tomcat.TomcatWebServer [main] Tomcat initialized with port(s): 8083 (http)
2023-03-18 16:49:26,061 INFO org.apache.juli.logging.DirectJDKLog [main] Initializing ProtocolHandler ["http-nio-8083"]
2023-03-18 16:49:26,062 INFO org.apache.juli.logging.DirectJDKLog [main] Starting service [Tomcat]
2023-03-18 16:49:26,064 INFO org.apache.juli.logging.DirectJDKLog [main] Starting Servlet engine: [Apache Tomcat/9.0.46]
2023-03-18 16:49:26,304 INFO org.apache.juli.logging.DirectJDKLog [main] Initializing Spring embedded WebApplicationContext
2023-03-18 16:49:26,305 INFO org.springframework.boot.web.servlet.context.ServletWebServerApplicationContext [main] Root WebApplicationContext: initialization completed in 4568 ms
2023-03-18 16:49:26,517 INFO com.zaxxer.hikari.HikariDataSource [main] HikariPool-1 - Starting...
2023-03-18 16:49:26,900 INFO com.zaxxer.hikari.pool.PoolBase [main] HikariPool-1 - Driver does not support get/set network timeout for connections. (Receiver class com.mysql.jdbc.JDBC4Connection does not define or inherit an implementation of the resolved method 'abstract int getNetworkTimeout()' of interface java.sql.Connection.)
2023-03-18 16:49:26,906 INFO com.zaxxer.hikari.HikariDataSource [main] HikariPool-1 - Start completed.
2023-03-18 16:49:29,290 INFO org.springframework.orm.jpa.AbstractEntityManagerFactoryBean [main] Initialized JPA EntityManagerFactory for persistence unit 'default'
2023-03-18 16:49:29,887 WARN org.springframework.boot.autoconfigure.orm.jpa.JpaBaseConfiguration$JpaWebConfiguration [main] spring.jpa.open-in-view is enabled by default. Therefore, database queries may be performed during view rendering. Explicitly configure spring.jpa.open-in-view to disable this warning
2023-03-18 16:49:30,123 DEBUG org.springframework.web.servlet.handler.AbstractHandlerMethodMapping [main] 11 mappings in 'requestMappingHandlerMapping'
2023-03-18 16:49:30,554 DEBUG org.springframework.web.servlet.mvc.method.annotation.RequestMappingHandlerAdapter [main] ControllerAdvice beans: 0 @ModelAttribute, 0 @InitBinder, 1 RequestBodyAdvice, 1 ResponseBodyAdvice
2023-03-18 16:49:30,746 DEBUG org.springframework.web.servlet.handler.SimpleUrlHandlerMapping [main] Patterns [/swagger-ui/] in 'viewControllerHandlerMapping'
2023-03-18 16:49:30,814 DEBUG org.springframework.web.servlet.handler.SimpleUrlHandlerMapping [main] Patterns [/webjars/**, /**, /swagger-ui/**] in 'resourceHandlerMapping'
2023-03-18 16:49:30,834 DEBUG org.springframework.web.servlet.mvc.method.annotation.ExceptionHandlerExceptionResolver [main] ControllerAdvice beans: 0 @ExceptionHandler, 1 ResponseBodyAdvice
2023-03-18 16:49:31,535 INFO org.apache.juli.logging.DirectJDKLog [main] Starting ProtocolHandler ["http-nio-8083"]
2023-03-18 16:49:31,633 INFO org.springframework.boot.web.embedded.tomcat.TomcatWebServer [main] Tomcat started on port(s): 8083 (http) with context path ''
2023-03-18 16:49:32,119 INFO org.springframework.boot.StartupInfoLogger [main] Started PFEApplication in 11.631 seconds (JVM running for 12.98)
2023-03-18 16:49:32,130 INFO ma.pfe.PFEApplication [main] Access URLs:
----------------------------------------------------------
	Local: 		http://127.0.0.1:8083/swagger-ui/#/
	External: 	http://192.168.40.1:8083/swagger-ui/#/
----------------------------------------------------------
2023-03-18 17:33:41,887 WARN com.zaxxer.hikari.pool.HikariPool$HouseKeeper [HikariPool-1 housekeeper] HikariPool-1 - Thread starvation or clock leap detected (housekeeper delta=44m14s874ms926µs500ns).
2023-03-18 17:33:44,877 INFO org.apache.juli.logging.DirectJDKLog [http-nio-8083-exec-1] Initializing Spring DispatcherServlet 'dispatcherServlet'
2023-03-18 17:33:44,879 INFO org.springframework.web.servlet.FrameworkServlet [http-nio-8083-exec-1] Initializing Servlet 'dispatcherServlet'
2023-03-18 17:33:44,881 DEBUG org.springframework.web.servlet.DispatcherServlet [http-nio-8083-exec-1] Detected StandardServletMultipartResolver
2023-03-18 17:33:44,882 DEBUG org.springframework.web.servlet.DispatcherServlet [http-nio-8083-exec-1] Detected AcceptHeaderLocaleResolver
2023-03-18 17:33:44,882 DEBUG org.springframework.web.servlet.DispatcherServlet [http-nio-8083-exec-1] Detected FixedThemeResolver
2023-03-18 17:33:44,885 DEBUG org.springframework.web.servlet.DispatcherServlet [http-nio-8083-exec-1] Detected org.springframework.web.servlet.view.DefaultRequestToViewNameTranslator@3bbdf835
2023-03-18 17:33:44,886 DEBUG org.springframework.web.servlet.DispatcherServlet [http-nio-8083-exec-1] Detected org.springframework.web.servlet.support.SessionFlashMapManager@5470753a
2023-03-18 17:33:44,907 DEBUG org.springframework.web.servlet.FrameworkServlet [http-nio-8083-exec-1] enableLoggingRequestDetails='false': request parameters and headers will be masked to prevent unsafe logging of potentially sensitive data
2023-03-18 17:33:44,908 INFO org.springframework.web.servlet.FrameworkServlet [http-nio-8083-exec-1] Completed initialization in 28 ms
2023-03-18 17:33:44,934 DEBUG org.springframework.core.log.LogFormatUtils [http-nio-8083-exec-1] GET "/swagger-ui/", parameters={}
2023-03-18 17:33:44,952 DEBUG org.springframework.web.servlet.handler.AbstractHandlerMapping [http-nio-8083-exec-1] Mapped to ParameterizableViewController [view="forward:/swagger-ui/index.html"]
2023-03-18 17:33:44,968 DEBUG org.springframework.web.servlet.view.ContentNegotiatingViewResolver [http-nio-8083-exec-1] Selected 'text/html' given [text/html, application/xhtml+xml, image/avif, image/webp, image/apng, application/xml;q=0.9, application/signed-exchange;v=b3;q=0.7, */*;q=0.8]
2023-03-18 17:33:44,969 DEBUG org.springframework.web.servlet.view.AbstractView [http-nio-8083-exec-1] View name 'forward:', model {}
2023-03-18 17:33:44,972 DEBUG org.springframework.web.servlet.view.InternalResourceView [http-nio-8083-exec-1] Forwarding to [/swagger-ui/index.html]
2023-03-18 17:33:44,983 DEBUG org.springframework.core.log.LogFormatUtils [http-nio-8083-exec-1] "FORWARD" dispatch for GET "/swagger-ui/index.html", parameters={}
2023-03-18 17:33:44,998 DEBUG org.springframework.web.servlet.handler.AbstractHandlerMapping [http-nio-8083-exec-1] Mapped to ResourceHttpRequestHandler [Classpath [META-INF/resources/webjars/springfox-swagger-ui/]]
2023-03-18 17:33:45,005 DEBUG org.springframework.web.servlet.FrameworkServlet [http-nio-8083-exec-1] Exiting from "FORWARD" dispatch, status 304
2023-03-18 17:33:45,008 DEBUG org.springframework.web.servlet.FrameworkServlet [http-nio-8083-exec-1] Completed 304 NOT_MODIFIED
2023-03-18 17:33:45,088 DEBUG org.springframework.core.log.LogFormatUtils [http-nio-8083-exec-2] GET "/swagger-ui/springfox.css?v=3.0.0", parameters={masked}
2023-03-18 17:33:45,091 DEBUG org.springframework.web.servlet.handler.AbstractHandlerMapping [http-nio-8083-exec-2] Mapped to ResourceHttpRequestHandler [Classpath [META-INF/resources/webjars/springfox-swagger-ui/]]
2023-03-18 17:33:45,094 DEBUG org.springframework.web.servlet.FrameworkServlet [http-nio-8083-exec-2] Completed 304 NOT_MODIFIED
2023-03-18 17:33:45,102 DEBUG org.springframework.core.log.LogFormatUtils [http-nio-8083-exec-3] GET "/swagger-ui/swagger-ui.css?v=3.0.0", parameters={masked}
2023-03-18 17:33:45,104 DEBUG org.springframework.web.servlet.handler.AbstractHandlerMapping [http-nio-8083-exec-3] Mapped to ResourceHttpRequestHandler [Classpath [META-INF/resources/webjars/springfox-swagger-ui/]]
2023-03-18 17:33:45,104 DEBUG org.springframework.core.log.LogFormatUtils [http-nio-8083-exec-4] GET "/swagger-ui/swagger-ui-bundle.js?v=3.0.0", parameters={masked}
2023-03-18 17:33:45,106 DEBUG org.springframework.web.servlet.handler.AbstractHandlerMapping [http-nio-8083-exec-4] Mapped to ResourceHttpRequestHandler [Classpath [META-INF/resources/webjars/springfox-swagger-ui/]]
2023-03-18 17:33:45,106 DEBUG org.springframework.web.servlet.FrameworkServlet [http-nio-8083-exec-3] Completed 304 NOT_MODIFIED
2023-03-18 17:33:45,111 DEBUG org.springframework.web.servlet.FrameworkServlet [http-nio-8083-exec-4] Completed 304 NOT_MODIFIED
2023-03-18 17:33:45,113 DEBUG org.springframework.core.log.LogFormatUtils [http-nio-8083-exec-3] GET "/swagger-ui/swagger-ui-standalone-preset.js?v=3.0.0", parameters={masked}
2023-03-18 17:33:45,114 DEBUG org.springframework.web.servlet.handler.AbstractHandlerMapping [http-nio-8083-exec-3] Mapped to ResourceHttpRequestHandler [Classpath [META-INF/resources/webjars/springfox-swagger-ui/]]
2023-03-18 17:33:45,117 DEBUG org.springframework.web.servlet.FrameworkServlet [http-nio-8083-exec-3] Completed 304 NOT_MODIFIED
2023-03-18 17:33:45,120 DEBUG org.springframework.core.log.LogFormatUtils [http-nio-8083-exec-6] GET "/swagger-ui/springfox.js?v=3.0.0", parameters={masked}
2023-03-18 17:33:45,122 DEBUG org.springframework.web.servlet.handler.AbstractHandlerMapping [http-nio-8083-exec-6] Mapped to ResourceHttpRequestHandler [Classpath [META-INF/resources/webjars/springfox-swagger-ui/]]
2023-03-18 17:33:45,125 DEBUG org.springframework.web.servlet.FrameworkServlet [http-nio-8083-exec-6] Completed 304 NOT_MODIFIED
2023-03-18 17:33:45,859 DEBUG org.springframework.core.log.LogFormatUtils [http-nio-8083-exec-7] GET "/swagger-resources/configuration/ui", parameters={}
2023-03-18 17:33:45,862 DEBUG org.springframework.web.servlet.handler.AbstractHandlerMapping [http-nio-8083-exec-7] Mapped to springfox.documentation.swagger.web.ApiResourceController#uiConfiguration()
2023-03-18 17:33:45,891 DEBUG org.springframework.web.servlet.mvc.method.annotation.AbstractMessageConverterMethodProcessor [http-nio-8083-exec-7] Using 'application/json', given [application/json] and supported [application/json]
2023-03-18 17:33:45,979 DEBUG org.springframework.core.log.LogFormatUtils [http-nio-8083-exec-7] Writing [springfox.documentation.swagger.web.UiConfiguration@65e71231]
2023-03-18 17:33:46,023 DEBUG org.springframework.web.servlet.FrameworkServlet [http-nio-8083-exec-7] Completed 200 OK
2023-03-18 17:33:46,045 DEBUG org.springframework.core.log.LogFormatUtils [http-nio-8083-exec-8] GET "/swagger-resources/configuration/security", parameters={}
2023-03-18 17:33:46,046 DEBUG org.springframework.web.servlet.handler.AbstractHandlerMapping [http-nio-8083-exec-8] Mapped to springfox.documentation.swagger.web.ApiResourceController#securityConfiguration()
2023-03-18 17:33:46,049 DEBUG org.springframework.web.servlet.mvc.method.annotation.AbstractMessageConverterMethodProcessor [http-nio-8083-exec-8] Using 'application/json', given [application/json] and supported [application/json]
2023-03-18 17:33:46,054 DEBUG org.springframework.core.log.LogFormatUtils [http-nio-8083-exec-8] Writing [springfox.documentation.swagger.web.SecurityConfiguration@26f55e41]
2023-03-18 17:33:46,057 DEBUG org.springframework.web.servlet.FrameworkServlet [http-nio-8083-exec-8] Completed 200 OK
2023-03-18 17:33:46,064 DEBUG org.springframework.core.log.LogFormatUtils [http-nio-8083-exec-9] GET "/swagger-resources", parameters={}
2023-03-18 17:33:46,065 DEBUG org.springframework.web.servlet.handler.AbstractHandlerMapping [http-nio-8083-exec-9] Mapped to springfox.documentation.swagger.web.ApiResourceController#swaggerResources()
2023-03-18 17:33:46,067 DEBUG org.springframework.web.servlet.mvc.method.annotation.AbstractMessageConverterMethodProcessor [http-nio-8083-exec-9] Using 'application/json', given [application/json] and supported [application/json]
2023-03-18 17:33:46,069 DEBUG org.springframework.core.log.LogFormatUtils [http-nio-8083-exec-9] Writing [[springfox.documentation.swagger.web.SwaggerResource@11d0824b]]
2023-03-18 17:33:46,074 DEBUG org.springframework.web.servlet.FrameworkServlet [http-nio-8083-exec-9] Completed 200 OK
2023-03-18 17:33:46,280 DEBUG org.springframework.core.log.LogFormatUtils [http-nio-8083-exec-10] GET "/v2/api-docs", parameters={}
2023-03-18 17:33:46,282 DEBUG org.springframework.web.servlet.handler.AbstractHandlerMapping [http-nio-8083-exec-10] Mapped to springfox.documentation.swagger2.web.Swagger2ControllerWebMvc#getDocumentation(String, HttpServletRequest)
2023-03-18 17:33:46,954 DEBUG org.springframework.web.servlet.mvc.method.annotation.AbstractMessageConverterMethodProcessor [http-nio-8083-exec-10] Using 'application/json', given [application/json, */*] and supported [application/json, application/hal+json]
2023-03-18 17:33:46,969 DEBUG org.springframework.core.log.LogFormatUtils [http-nio-8083-exec-10] Writing [springfox.documentation.spring.web.json.Json@5a54d1ea]
2023-03-18 17:33:46,972 DEBUG org.springframework.web.servlet.FrameworkServlet [http-nio-8083-exec-10] Completed 200 OK
2023-03-18 17:56:44,083 DEBUG org.springframework.core.log.LogFormatUtils [http-nio-8083-exec-6] POST "/students", parameters={}
2023-03-18 17:56:44,087 DEBUG org.springframework.web.servlet.handler.AbstractHandlerMapping [http-nio-8083-exec-6] Mapped to ma.pfe.controllers.StudentControllers#save(StudentDto)
2023-03-18 17:56:44,203 DEBUG org.springframework.core.log.LogFormatUtils [http-nio-8083-exec-6] Read "application/json;charset=UTF-8" to [Students{id=0, name='string'}]
2023-03-18 17:56:44,215 DEBUG org.springframework.web.servlet.FrameworkServlet [http-nio-8083-exec-6] Failed to complete request: java.lang.NullPointerException: Cannot invoke "ma.pfe.services.StudentService.save(ma.pfe.Models.StudentDto)" because "this.Service" is null
2023-03-18 17:56:44,221 ERROR org.apache.juli.logging.DirectJDKLog [http-nio-8083-exec-6] Servlet.service() for servlet [dispatcherServlet] in context with path [] threw exception [Request processing failed; nested exception is java.lang.NullPointerException: Cannot invoke "ma.pfe.services.StudentService.save(ma.pfe.Models.StudentDto)" because "this.Service" is null] with root cause
java.lang.NullPointerException: Cannot invoke "ma.pfe.services.StudentService.save(ma.pfe.Models.StudentDto)" because "this.Service" is null
	at ma.pfe.controllers.StudentControllers.save(StudentControllers.java:29)
	at java.base/jdk.internal.reflect.DirectMethodHandleAccessor.invoke(DirectMethodHandleAccessor.java:104)
	at java.base/java.lang.reflect.Method.invoke(Method.java:578)
	at org.springframework.web.method.support.InvocableHandlerMethod.doInvoke(InvocableHandlerMethod.java:197)
	at org.springframework.web.method.support.InvocableHandlerMethod.invokeForRequest(InvocableHandlerMethod.java:141)
	at org.springframework.web.servlet.mvc.method.annotation.ServletInvocableHandlerMethod.invokeAndHandle(ServletInvocableHandlerMethod.java:106)
	at org.springframework.web.servlet.mvc.method.annotation.RequestMappingHandlerAdapter.invokeHandlerMethod(RequestMappingHandlerAdapter.java:894)
	at org.springframework.web.servlet.mvc.method.annotation.RequestMappingHandlerAdapter.handleInternal(RequestMappingHandlerAdapter.java:808)
	at org.springframework.web.servlet.mvc.method.AbstractHandlerMethodAdapter.handle(AbstractHandlerMethodAdapter.java:87)
	at org.springframework.web.servlet.DispatcherServlet.doDispatch(DispatcherServlet.java:1063)
	at org.springframework.web.servlet.DispatcherServlet.doService(DispatcherServlet.java:963)
	at org.springframework.web.servlet.FrameworkServlet.processRequest(FrameworkServlet.java:1006)
	at org.springframework.web.servlet.FrameworkServlet.doPost(FrameworkServlet.java:909)
	at javax.servlet.http.HttpServlet.service(HttpServlet.java:652)
	at org.springframework.web.servlet.FrameworkServlet.service(FrameworkServlet.java:883)
	at javax.servlet.http.HttpServlet.service(HttpServlet.java:733)
	at org.apache.catalina.core.ApplicationFilterChain.internalDoFilter(ApplicationFilterChain.java:227)
	at org.apache.catalina.core.ApplicationFilterChain.doFilter(ApplicationFilterChain.java:162)
	at org.apache.tomcat.websocket.server.WsFilter.doFilter(WsFilter.java:53)
	at org.apache.catalina.core.ApplicationFilterChain.internalDoFilter(ApplicationFilterChain.java:189)
	at org.apache.catalina.core.ApplicationFilterChain.doFilter(ApplicationFilterChain.java:162)
	at org.springframework.web.filter.RequestContextFilter.doFilterInternal(RequestContextFilter.java:100)
	at org.springframework.web.filter.OncePerRequestFilter.doFilter(OncePerRequestFilter.java:119)
	at org.apache.catalina.core.ApplicationFilterChain.internalDoFilter(ApplicationFilterChain.java:189)
	at org.apache.catalina.core.ApplicationFilterChain.doFilter(ApplicationFilterChain.java:162)
	at org.springframework.web.filter.FormContentFilter.doFilterInternal(FormContentFilter.java:93)
	at org.springframework.web.filter.OncePerRequestFilter.doFilter(OncePerRequestFilter.java:119)
	at org.apache.catalina.core.ApplicationFilterChain.internalDoFilter(ApplicationFilterChain.java:189)
	at org.apache.catalina.core.ApplicationFilterChain.doFilter(ApplicationFilterChain.java:162)
	at org.springframework.web.filter.CharacterEncodingFilter.doFilterInternal(CharacterEncodingFilter.java:201)
	at org.springframework.web.filter.OncePerRequestFilter.doFilter(OncePerRequestFilter.java:119)
	at org.apache.catalina.core.ApplicationFilterChain.internalDoFilter(ApplicationFilterChain.java:189)
	at org.apache.catalina.core.ApplicationFilterChain.doFilter(ApplicationFilterChain.java:162)
	at org.apache.catalina.core.StandardWrapperValve.invoke(StandardWrapperValve.java:202)
	at org.apache.catalina.core.StandardContextValve.invoke(StandardContextValve.java:97)
	at org.apache.catalina.authenticator.AuthenticatorBase.invoke(AuthenticatorBase.java:542)
	at org.apache.catalina.core.StandardHostValve.invoke(StandardHostValve.java:143)
	at org.apache.catalina.valves.ErrorReportValve.invoke(ErrorReportValve.java:92)
	at org.apache.catalina.core.StandardEngineValve.invoke(StandardEngineValve.java:78)
	at org.apache.catalina.connector.CoyoteAdapter.service(CoyoteAdapter.java:357)
	at org.apache.coyote.http11.Http11Processor.service(Http11Processor.java:374)
	at org.apache.coyote.AbstractProcessorLight.process(AbstractProcessorLight.java:65)
	at org.apache.coyote.AbstractProtocol$ConnectionHandler.process(AbstractProtocol.java:893)
	at org.apache.tomcat.util.net.NioEndpoint$SocketProcessor.doRun(NioEndpoint.java:1707)
	at org.apache.tomcat.util.net.SocketProcessorBase.run(SocketProcessorBase.java:49)
	at java.base/java.util.concurrent.ThreadPoolExecutor.runWorker(ThreadPoolExecutor.java:1144)
	at java.base/java.util.concurrent.ThreadPoolExecutor$Worker.run(ThreadPoolExecutor.java:642)
	at org.apache.tomcat.util.threads.TaskThread$WrappingRunnable.run(TaskThread.java:61)
	at java.base/java.lang.Thread.run(Thread.java:1589)
2023-03-18 17:56:44,223 DEBUG org.springframework.core.log.LogFormatUtils [http-nio-8083-exec-6] "ERROR" dispatch for POST "/error", parameters={}
2023-03-18 17:56:44,227 DEBUG org.springframework.web.servlet.handler.AbstractHandlerMapping [http-nio-8083-exec-6] Mapped to org.springframework.boot.autoconfigure.web.servlet.error.BasicErrorController#error(HttpServletRequest)
2023-03-18 17:56:44,236 DEBUG org.springframework.web.servlet.mvc.method.annotation.AbstractMessageConverterMethodProcessor [http-nio-8083-exec-6] Using 'application/json', given [*/*] and supported [application/json, application/*+json, application/json, application/*+json]
2023-03-18 17:56:44,237 DEBUG org.springframework.core.log.LogFormatUtils [http-nio-8083-exec-6] Writing [{timestamp=Sat Mar 18 17:56:44 WEST 2023, status=500, error=Internal Server Error, path=/students}]
2023-03-18 17:56:44,244 DEBUG org.springframework.web.servlet.FrameworkServlet [http-nio-8083-exec-6] Exiting from "ERROR" dispatch, status 500
2023-03-18 18:18:23,206 INFO org.springframework.orm.jpa.AbstractEntityManagerFactoryBean [SpringApplicationShutdownHook] Closing JPA EntityManagerFactory for persistence unit 'default'
2023-03-18 18:18:23,218 INFO com.zaxxer.hikari.HikariDataSource [SpringApplicationShutdownHook] HikariPool-1 - Shutdown initiated...
2023-03-18 18:18:23,242 INFO com.zaxxer.hikari.HikariDataSource [SpringApplicationShutdownHook] HikariPool-1 - Shutdown completed.
2023-03-18 18:18:34,924 INFO org.springframework.boot.StartupInfoLogger [main] Starting PFEApplication using Java 19.0.1 on DESKTOP-JKKEFG3 with PID 7952 (C:\Users\user\Downloads\TP_Maven\target\classes started by user in C:\Users\user\Downloads\TP_Maven)
2023-03-18 18:18:34,931 INFO org.springframework.boot.SpringApplication [main] The following profiles are active: dev
2023-03-18 18:18:37,331 INFO org.springframework.data.repository.config.RepositoryConfigurationDelegate [main] Bootstrapping Spring Data JPA repositories in DEFAULT mode.
2023-03-18 18:18:37,452 INFO org.springframework.data.repository.config.RepositoryConfigurationDelegate [main] Finished Spring Data repository scanning in 98 ms. Found 1 JPA repository interfaces.
2023-03-18 18:18:39,065 INFO org.springframework.boot.web.embedded.tomcat.TomcatWebServer [main] Tomcat initialized with port(s): 8083 (http)
2023-03-18 18:18:39,086 INFO org.apache.juli.logging.DirectJDKLog [main] Initializing ProtocolHandler ["http-nio-8083"]
2023-03-18 18:18:39,088 INFO org.apache.juli.logging.DirectJDKLog [main] Starting service [Tomcat]
2023-03-18 18:18:39,088 INFO org.apache.juli.logging.DirectJDKLog [main] Starting Servlet engine: [Apache Tomcat/9.0.46]
2023-03-18 18:18:39,289 INFO org.apache.juli.logging.DirectJDKLog [main] Initializing Spring embedded WebApplicationContext
2023-03-18 18:18:39,289 INFO org.springframework.boot.web.servlet.context.ServletWebServerApplicationContext [main] Root WebApplicationContext: initialization completed in 4209 ms
2023-03-18 18:18:39,476 INFO com.zaxxer.hikari.HikariDataSource [main] HikariPool-1 - Starting...
2023-03-18 18:18:39,785 INFO com.zaxxer.hikari.pool.PoolBase [main] HikariPool-1 - Driver does not support get/set network timeout for connections. (Receiver class com.mysql.jdbc.JDBC4Connection does not define or inherit an implementation of the resolved method 'abstract int getNetworkTimeout()' of interface java.sql.Connection.)
2023-03-18 18:18:39,790 INFO com.zaxxer.hikari.HikariDataSource [main] HikariPool-1 - Start completed.
2023-03-18 18:18:41,867 INFO org.springframework.orm.jpa.AbstractEntityManagerFactoryBean [main] Initialized JPA EntityManagerFactory for persistence unit 'default'
2023-03-18 18:18:42,433 WARN org.springframework.boot.autoconfigure.orm.jpa.JpaBaseConfiguration$JpaWebConfiguration [main] spring.jpa.open-in-view is enabled by default. Therefore, database queries may be performed during view rendering. Explicitly configure spring.jpa.open-in-view to disable this warning
2023-03-18 18:18:42,652 DEBUG org.springframework.web.servlet.handler.AbstractHandlerMethodMapping [main] 11 mappings in 'requestMappingHandlerMapping'
2023-03-18 18:18:43,080 DEBUG org.springframework.web.servlet.mvc.method.annotation.RequestMappingHandlerAdapter [main] ControllerAdvice beans: 0 @ModelAttribute, 0 @InitBinder, 1 RequestBodyAdvice, 1 ResponseBodyAdvice
2023-03-18 18:18:43,167 DEBUG org.springframework.web.servlet.handler.SimpleUrlHandlerMapping [main] Patterns [/swagger-ui/] in 'viewControllerHandlerMapping'
2023-03-18 18:18:43,211 DEBUG org.springframework.web.servlet.handler.SimpleUrlHandlerMapping [main] Patterns [/webjars/**, /**, /swagger-ui/**] in 'resourceHandlerMapping'
2023-03-18 18:18:43,243 DEBUG org.springframework.web.servlet.mvc.method.annotation.ExceptionHandlerExceptionResolver [main] ControllerAdvice beans: 0 @ExceptionHandler, 1 ResponseBodyAdvice
2023-03-18 18:18:43,920 INFO org.apache.juli.logging.DirectJDKLog [main] Starting ProtocolHandler ["http-nio-8083"]
2023-03-18 18:18:44,008 INFO org.springframework.boot.web.embedded.tomcat.TomcatWebServer [main] Tomcat started on port(s): 8083 (http) with context path ''
2023-03-18 18:18:44,426 INFO org.springframework.boot.StartupInfoLogger [main] Started PFEApplication in 10.624 seconds (JVM running for 12.023)
2023-03-18 18:18:44,436 INFO ma.pfe.PFEApplication [main] Access URLs:
----------------------------------------------------------
	Local: 		http://127.0.0.1:8083/swagger-ui/#/
	External: 	http://192.168.40.1:8083/swagger-ui/#/
----------------------------------------------------------
2023-03-18 18:19:02,031 INFO org.apache.juli.logging.DirectJDKLog [http-nio-8083-exec-1] Initializing Spring DispatcherServlet 'dispatcherServlet'
2023-03-18 18:19:02,032 INFO org.springframework.web.servlet.FrameworkServlet [http-nio-8083-exec-1] Initializing Servlet 'dispatcherServlet'
2023-03-18 18:19:02,033 DEBUG org.springframework.web.servlet.DispatcherServlet [http-nio-8083-exec-1] Detected StandardServletMultipartResolver
2023-03-18 18:19:02,033 DEBUG org.springframework.web.servlet.DispatcherServlet [http-nio-8083-exec-1] Detected AcceptHeaderLocaleResolver
2023-03-18 18:19:02,034 DEBUG org.springframework.web.servlet.DispatcherServlet [http-nio-8083-exec-1] Detected FixedThemeResolver
2023-03-18 18:19:02,036 DEBUG org.springframework.web.servlet.DispatcherServlet [http-nio-8083-exec-1] Detected org.springframework.web.servlet.view.DefaultRequestToViewNameTranslator@10d97b64
2023-03-18 18:19:02,037 DEBUG org.springframework.web.servlet.DispatcherServlet [http-nio-8083-exec-1] Detected org.springframework.web.servlet.support.SessionFlashMapManager@4e67e090
2023-03-18 18:19:02,038 DEBUG org.springframework.web.servlet.FrameworkServlet [http-nio-8083-exec-1] enableLoggingRequestDetails='false': request parameters and headers will be masked to prevent unsafe logging of potentially sensitive data
2023-03-18 18:19:02,045 INFO org.springframework.web.servlet.FrameworkServlet [http-nio-8083-exec-1] Completed initialization in 12 ms
2023-03-18 18:19:02,075 DEBUG org.springframework.core.log.LogFormatUtils [http-nio-8083-exec-1] GET "/swagger-resources/configuration/ui", parameters={}
2023-03-18 18:19:02,086 DEBUG org.springframework.web.servlet.handler.AbstractHandlerMapping [http-nio-8083-exec-1] Mapped to springfox.documentation.swagger.web.ApiResourceController#uiConfiguration()
2023-03-18 18:19:02,127 DEBUG org.springframework.web.servlet.mvc.method.annotation.AbstractMessageConverterMethodProcessor [http-nio-8083-exec-1] Using 'application/json', given [application/json] and supported [application/json]
2023-03-18 18:19:02,181 DEBUG org.springframework.core.log.LogFormatUtils [http-nio-8083-exec-1] Writing [springfox.documentation.swagger.web.UiConfiguration@2076df01]
2023-03-18 18:19:02,221 DEBUG org.springframework.web.servlet.FrameworkServlet [http-nio-8083-exec-1] Completed 200 OK
2023-03-18 18:19:02,251 DEBUG org.springframework.core.log.LogFormatUtils [http-nio-8083-exec-2] GET "/swagger-resources/configuration/security", parameters={}
2023-03-18 18:19:02,252 DEBUG org.springframework.web.servlet.handler.AbstractHandlerMapping [http-nio-8083-exec-2] Mapped to springfox.documentation.swagger.web.ApiResourceController#securityConfiguration()
2023-03-18 18:19:02,254 DEBUG org.springframework.web.servlet.mvc.method.annotation.AbstractMessageConverterMethodProcessor [http-nio-8083-exec-2] Using 'application/json', given [application/json] and supported [application/json]
2023-03-18 18:19:02,264 DEBUG org.springframework.core.log.LogFormatUtils [http-nio-8083-exec-2] Writing [springfox.documentation.swagger.web.SecurityConfiguration@20c893ba]
2023-03-18 18:19:02,269 DEBUG org.springframework.web.servlet.FrameworkServlet [http-nio-8083-exec-2] Completed 200 OK
2023-03-18 18:19:02,282 DEBUG org.springframework.core.log.LogFormatUtils [http-nio-8083-exec-3] GET "/swagger-resources", parameters={}
2023-03-18 18:19:02,282 DEBUG org.springframework.web.servlet.handler.AbstractHandlerMapping [http-nio-8083-exec-3] Mapped to springfox.documentation.swagger.web.ApiResourceController#swaggerResources()
2023-03-18 18:19:02,284 DEBUG org.springframework.web.servlet.mvc.method.annotation.AbstractMessageConverterMethodProcessor [http-nio-8083-exec-3] Using 'application/json', given [application/json] and supported [application/json]
2023-03-18 18:19:02,286 DEBUG org.springframework.core.log.LogFormatUtils [http-nio-8083-exec-3] Writing [[springfox.documentation.swagger.web.SwaggerResource@53b6fb29]]
2023-03-18 18:19:02,293 DEBUG org.springframework.web.servlet.FrameworkServlet [http-nio-8083-exec-3] Completed 200 OK
2023-03-18 18:19:02,394 DEBUG org.springframework.core.log.LogFormatUtils [http-nio-8083-exec-4] GET "/v2/api-docs", parameters={}
2023-03-18 18:19:02,395 DEBUG org.springframework.web.servlet.handler.AbstractHandlerMapping [http-nio-8083-exec-4] Mapped to springfox.documentation.swagger2.web.Swagger2ControllerWebMvc#getDocumentation(String, HttpServletRequest)
2023-03-18 18:19:02,787 DEBUG org.springframework.web.servlet.mvc.method.annotation.AbstractMessageConverterMethodProcessor [http-nio-8083-exec-4] Using 'application/json', given [application/json, */*] and supported [application/json, application/hal+json]
2023-03-18 18:19:02,793 DEBUG org.springframework.core.log.LogFormatUtils [http-nio-8083-exec-4] Writing [springfox.documentation.spring.web.json.Json@110069ef]
2023-03-18 18:19:02,796 DEBUG org.springframework.web.servlet.FrameworkServlet [http-nio-8083-exec-4] Completed 200 OK
2023-03-18 18:42:07,820 INFO org.springframework.orm.jpa.AbstractEntityManagerFactoryBean [SpringApplicationShutdownHook] Closing JPA EntityManagerFactory for persistence unit 'default'
2023-03-18 18:42:07,828 INFO com.zaxxer.hikari.HikariDataSource [SpringApplicationShutdownHook] HikariPool-1 - Shutdown initiated...
2023-03-18 18:42:07,872 INFO com.zaxxer.hikari.HikariDataSource [SpringApplicationShutdownHook] HikariPool-1 - Shutdown completed.
